tencent_gdt/build/intermediates/manifest_merge_blame_file/debug/manifest-merger-blame-debug-report.txt
1<?xml version="1.0" encoding="utf-8"?>
2<manifest xmlns:android="http://schemas.android.com/apk/res/android"
3    package="com.qq.e.union.demo"
4    android:versionCode="1"
5    android:versionName="1.0" >
6
7    <uses-sdk
8        android:minSdkVersion="22"
8-->src/main/AndroidManifest.xml
9        android:targetSdkVersion="30" />
9-->src/main/AndroidManifest.xml
10
11    <!-- 相关权限声明 : SDK不强制校验下列权限（即:无下面权限sdk也可正常工作），但建议开发者申请下面权限，尤其是READ_PHONE_STATE权限 -->
12    <!-- READ_PHONE_STATE权限用于允许SDK获取用户标识,针对单媒体的用户，允许获取权限的，投放定向广告；不允许获取权限的用户，投放通投广告，媒体可以选择是否把用户标识数据提供给优量汇，并承担相应广告填充和eCPM单价下降损失的结果。 -->
13    <uses-permission android:name="android.permission.READ_PHONE_STATE" />
13-->src/main/AndroidManifest.xml:8:5-75
13-->src/main/AndroidManifest.xml:8:22-72
14    <uses-permission android:name="android.permission.ACCESS_COARSE_LOCATION" />
14-->src/main/AndroidManifest.xml:9:5-81
14-->src/main/AndroidManifest.xml:9:22-78
15    <uses-permission android:name="android.permission.ACCESS_FINE_LOCATION" /> <!-- 如果需要精确定位的话请加上此权限 -->
15-->src/main/AndroidManifest.xml:10:5-79
15-->src/main/AndroidManifest.xml:10:22-76
16
17
18    <!-- mintegral 简称mtg，此处配置作用于流量分配功能，关于流量分配，详情请咨询商务 -->
19    <!-- mtg所需要的权限，此处因为优量汇SDK已经有相关权限了，此处注释以做提醒 -->
20    <!-- <uses-permission android:name="android.permission.INTERNET" /> -->
21    <!-- <uses-permission android:name="android.permission.ACCESS_NETWORK_STATE" /> -->
22    <!-- 如果国内流量版本SDK ，以下两条权限必须加上 -->
23    <!-- <uses-permission android:name="android.permission.READ_PHONE_STATE" /> -->
24    <!-- <uses-permission android:name="android.permission.REQUEST_INSTALL_PACKAGES" /> -->
25    <!-- mtg需要权限结束 -->
26
27
28    <!-- 快手SDK所需相关权限，存储权限，此处配置作用于流量分配功能，关于流量分配，详情请咨询商务 -->
29    <uses-permission android:name="android.permission.READ_EXTERNAL_STORAGE" />
29-->src/main/AndroidManifest.xml:22:5-80
29-->src/main/AndroidManifest.xml:22:22-77
30    <uses-permission android:name="android.permission.WRITE_EXTERNAL_STORAGE" />
30-->src/main/AndroidManifest.xml:23:5-81
30-->src/main/AndroidManifest.xml:23:22-78
31    <uses-permission android:name="android.permission.REQUEST_INSTALL_PACKAGES" />
31-->[GDTSDK.tbsNormal.4.232.1102.aar] AndroidManifest.xml:11:5-83
31-->[GDTSDK.tbsNormal.4.232.1102.aar] AndroidManifest.xml:11:22-80
32    <uses-permission android:name="android.permission.INTERNET" />
32-->[GDTSDK.tbsNormal.4.232.1102.aar] AndroidManifest.xml:12:5-67
32-->[GDTSDK.tbsNormal.4.232.1102.aar] AndroidManifest.xml:12:22-64
33    <uses-permission android:name="android.permission.ACCESS_NETWORK_STATE" />
33-->[GDTSDK.tbsNormal.4.232.1102.aar] AndroidManifest.xml:13:5-79
33-->[GDTSDK.tbsNormal.4.232.1102.aar] AndroidManifest.xml:13:22-76
34    <uses-permission android:name="android.permission.ACCESS_WIFI_STATE" />
34-->[GDTSDK.tbsNormal.4.232.1102.aar] AndroidManifest.xml:14:5-76
34-->[GDTSDK.tbsNormal.4.232.1102.aar] AndroidManifest.xml:14:22-73
35
36    <permission
36-->[ks_adsdk-2.2.4.aar] AndroidManifest.xml:11:5-13:47
37        android:name="com.qq.e.union.demo.permission.KW_SDK_BROADCAST"
37-->[ks_adsdk-2.2.4.aar] AndroidManifest.xml:12:9-68
38        android:protectionLevel="signature" />
38-->[ks_adsdk-2.2.4.aar] AndroidManifest.xml:13:9-44
39
40    <uses-permission android:name="com.qq.e.union.demo.permission.KW_SDK_BROADCAST" /> <!-- To allow starting foreground services on Android P+ - https://developer.android.com/preview/behavior-changes#fg-svc -->
40-->[ks_adsdk-2.2.4.aar] AndroidManifest.xml:17:5-84
40-->[ks_adsdk-2.2.4.aar] AndroidManifest.xml:17:22-81
41    <uses-permission android:name="android.permission.FOREGROUND_SERVICE" /> <!-- 快手需要权限结束 -->
41-->[com.squareup.leakcanary:leakcanary-android-core:2.4] AndroidManifest.xml:26:5-77
41-->[com.squareup.leakcanary:leakcanary-android-core:2.4] AndroidManifest.xml:26:22-74
42    <application
42-->src/main/AndroidManifest.xml:26:5-366:19
43        android:name="com.qq.e.union.demo.DemoApplication"
43-->src/main/AndroidManifest.xml:27:9-40
44        android:appComponentFactory="androidx.core.app.CoreComponentFactory"
44-->[androidx.core:core:1.1.0] AndroidManifest.xml:24:18-86
45        android:debuggable="true"
46        android:icon="@drawable/gdticon"
46-->src/main/AndroidManifest.xml:28:9-41
47        android:label="广点通TBS Demo"
47-->src/main/AndroidManifest.xml:30:9-36
48        android:networkSecurityConfig="@xml/network_security_config"
48-->src/main/AndroidManifest.xml:32:9-69
49        android:testOnly="true"
50        android:theme="@style/AppTheme"
50-->src/main/AndroidManifest.xml:31:9-40
51        android:usesCleartextTraffic="true" >
51-->[GDTSDK.tbsNormal.4.232.1102.aar] AndroidManifest.xml:16:18-53
52
53        <!-- mtg所需要依赖，此处配置作用于流量分配功能，关于流量分配功能，详情请咨询商务 -->
54        <uses-library
54-->src/main/AndroidManifest.xml:34:9-36:40
55            android:name="org.apache.http.legacy"
55-->src/main/AndroidManifest.xml:35:13-50
56            android:required="false" />
56-->src/main/AndroidManifest.xml:36:13-37
57        <!-- mtg所需要依赖结束 -->
58        <!-- targetSDKVersion >= 24时才需要添加这个provider。provider的authorities属性的值为${applicationId}.fileprovider，请开发者根据自己的${applicationId}来设置这个值，例如本例中applicationId为"com.qq.e.union.demo"。 -->
59        <provider
60            android:name="androidx.core.content.FileProvider"
60-->src/main/AndroidManifest.xml:40:13-62
61            android:authorities="com.qq.e.union.demo.fileprovider"
61-->src/main/AndroidManifest.xml:41:13-64
62            android:exported="false"
62-->src/main/AndroidManifest.xml:42:13-37
63            android:grantUriPermissions="true" >
63-->src/main/AndroidManifest.xml:43:13-47
64            <meta-data
64-->src/main/AndroidManifest.xml:44:13-46:57
65                android:name="android.support.FILE_PROVIDER_PATHS"
65-->src/main/AndroidManifest.xml:45:17-67
66                android:resource="@xml/gdt_file_path" />
66-->src/main/AndroidManifest.xml:46:17-54
67        </provider>
68
69        <!-- 此处配置作用于流量分配功能. 如果接入 Google 广告(使用 Admob 包下的任何一个 Adapter ,即接入 Google 广告)，请务必添加 meta-data ，否则不能正常初始化  异常:java.lang.IllegalStateException -->
70        <meta-data
70-->src/main/AndroidManifest.xml:50:9-52:70
71            android:name="com.google.android.gms.ads.APPLICATION_ID"
71-->src/main/AndroidManifest.xml:51:13-69
72            android:value="ca-app-pub-3940256099942544~3347511713" />
72-->src/main/AndroidManifest.xml:52:13-67
73        <!-- Admob SDK Manifest相关配置到此结束 -->
74
75
76        <!-- 声明该Demo中的组件 -->
77        <activity
77-->src/main/AndroidManifest.xml:56:9-67:20
78            android:name="com.qq.e.union.demo.DemoListActivity"
78-->src/main/AndroidManifest.xml:57:13-45
79            android:exported="true"
79-->src/main/AndroidManifest.xml:58:13-36
80            android:label="@string/title_activity_maindemo"
80-->src/main/AndroidManifest.xml:59:13-60
81            android:launchMode="singleTask"
81-->src/main/AndroidManifest.xml:60:13-44
82            android:screenOrientation="portrait"
82-->src/main/AndroidManifest.xml:61:13-49
83            android:windowSoftInputMode="stateHidden|stateAlwaysHidden" >
83-->src/main/AndroidManifest.xml:62:13-72
84            <intent-filter>
84-->src/main/AndroidManifest.xml:63:13-66:29
85                <action android:name="android.intent.action.VIEW" />
85-->src/main/AndroidManifest.xml:64:17-69
85-->src/main/AndroidManifest.xml:64:25-66
86
87                <category android:name="android.intent.category.DEFAULT" />
87-->src/main/AndroidManifest.xml:65:17-76
87-->src/main/AndroidManifest.xml:65:27-73
88            </intent-filter>
89        </activity>
90        <activity
90-->src/main/AndroidManifest.xml:68:9-70:75
91            android:name="com.qq.e.union.demo.SDKVersionActivity"
91-->src/main/AndroidManifest.xml:68:19-53
92            android:screenOrientation="portrait"
92-->src/main/AndroidManifest.xml:69:13-49
93            android:theme="@android:style/Theme.Translucent.NoTitleBar" />
93-->src/main/AndroidManifest.xml:70:13-72
94        <activity
94-->src/main/AndroidManifest.xml:71:9-81:20
95            android:name="com.qq.e.union.demo.SplashActivity"
95-->src/main/AndroidManifest.xml:72:13-43
96            android:configChanges="keyboard|keyboardHidden|orientation|screenSize"
96-->src/main/AndroidManifest.xml:73:13-83
97            android:screenOrientation="portrait"
97-->src/main/AndroidManifest.xml:74:13-49
98            android:theme="@android:style/Theme.NoTitleBar.Fullscreen"
98-->src/main/AndroidManifest.xml:75:13-71
99            android:windowSoftInputMode="stateHidden" >
99-->src/main/AndroidManifest.xml:76:13-54
100            <intent-filter>
100-->src/main/AndroidManifest.xml:77:13-80:29
101                <action android:name="android.intent.action.MAIN" />
101-->src/main/AndroidManifest.xml:78:17-69
101-->src/main/AndroidManifest.xml:78:25-66
102
103                <category android:name="android.intent.category.LAUNCHER" />
103-->src/main/AndroidManifest.xml:79:17-77
103-->src/main/AndroidManifest.xml:79:27-74
104            </intent-filter>
105        </activity>
106        <activity
106-->src/main/AndroidManifest.xml:82:9-100:20
107            android:name="com.qq.e.union.demo.SplashADActivity"
107-->src/main/AndroidManifest.xml:83:13-45
108            android:screenOrientation="portrait" >
108-->src/main/AndroidManifest.xml:84:13-49
109            <intent-filter>
109-->src/main/AndroidManifest.xml:85:13-89:29
110                <action android:name="gdt.action.LAUNCH_DEMO" />
110-->src/main/AndroidManifest.xml:86:17-65
110-->src/main/AndroidManifest.xml:86:25-62
111
112                <category android:name="android.intent.category.DEFAULT" />
112-->src/main/AndroidManifest.xml:65:17-76
112-->src/main/AndroidManifest.xml:65:27-73
113            </intent-filter>
114
115            <meta-data
115-->src/main/AndroidManifest.xml:91:13-93:50
116                android:name="id"
116-->src/main/AndroidManifest.xml:92:17-34
117                android:value="@string/splash" />
117-->src/main/AndroidManifest.xml:93:17-47
118            <meta-data
118-->src/main/AndroidManifest.xml:94:13-96:44
119                android:name="content"
119-->src/main/AndroidManifest.xml:95:17-39
120                android:value="开屏广告接入示例" />
120-->src/main/AndroidManifest.xml:96:17-41
121            <meta-data
121-->src/main/AndroidManifest.xml:97:13-99:58
122                android:name="action"
122-->src/main/AndroidManifest.xml:98:17-38
123                android:value="gdt.action.LAUNCH_DEMO" />
123-->src/main/AndroidManifest.xml:99:17-55
124        </activity>
125        <activity
125-->src/main/AndroidManifest.xml:101:9-104:75
126            android:name="com.qq.e.union.demo.DeviceInfoActivity"
126-->src/main/AndroidManifest.xml:102:13-47
127            android:label="@string/title_activity_device_info"
127-->src/main/AndroidManifest.xml:103:13-63
128            android:windowSoftInputMode="stateHidden|stateAlwaysHidden" />
128-->src/main/AndroidManifest.xml:104:13-72
129        <activity
129-->src/main/AndroidManifest.xml:105:9-108:74
130            android:name="com.qq.e.union.demo.adapter.test.activity.MediationTestActivity"
130-->src/main/AndroidManifest.xml:106:13-72
131            android:label="@string/title_activity_test_mediation"
131-->src/main/AndroidManifest.xml:107:13-66
132            android:windowSoftInputMode="stateHidden|stateAlwaysHidden" />
132-->src/main/AndroidManifest.xml:108:13-72
133        <activity
133-->src/main/AndroidManifest.xml:109:9-129:20
134            android:name="com.qq.e.union.demo.NativeExpressADActivity"
134-->src/main/AndroidManifest.xml:110:13-52
135            android:label="@string/title_activity_native_express_ad"
135-->src/main/AndroidManifest.xml:111:13-69
136            android:screenOrientation="portrait"
136-->src/main/AndroidManifest.xml:112:13-49
137            android:windowSoftInputMode="stateHidden|stateAlwaysHidden" >
137-->src/main/AndroidManifest.xml:113:13-72
138            <meta-data
138-->src/main/AndroidManifest.xml:91:13-93:50
139                android:name="id"
139-->src/main/AndroidManifest.xml:92:17-34
140                android:value="@string/nativeExpress" />
140-->src/main/AndroidManifest.xml:93:17-47
141            <meta-data
141-->src/main/AndroidManifest.xml:94:13-96:44
142                android:name="content"
142-->src/main/AndroidManifest.xml:95:17-39
143                android:value="原生广告(模板渲染)接入示例" />
143-->src/main/AndroidManifest.xml:96:17-41
144            <meta-data
144-->src/main/AndroidManifest.xml:97:13-99:58
145                android:name="action"
145-->src/main/AndroidManifest.xml:98:17-38
146                android:value="gdt.action.NATIVE_EXPRESS_DEMO" />
146-->src/main/AndroidManifest.xml:99:17-55
147
148            <intent-filter>
148-->src/main/AndroidManifest.xml:124:13-128:29
149                <action android:name="gdt.action.NATIVE_EXPRESS_DEMO" />
149-->src/main/AndroidManifest.xml:125:17-73
149-->src/main/AndroidManifest.xml:125:25-70
150
151                <category android:name="android.intent.category.DEFAULT" />
151-->src/main/AndroidManifest.xml:65:17-76
151-->src/main/AndroidManifest.xml:65:27-73
152            </intent-filter>
153        </activity>
154        <activity
154-->src/main/AndroidManifest.xml:130:9-135:57
155            android:name="com.qq.e.union.demo.NativeExpressDemoActivity"
155-->src/main/AndroidManifest.xml:131:13-54
156            android:configChanges="keyboard|keyboardHidden|orientation|screenSize"
156-->src/main/AndroidManifest.xml:132:13-83
157            android:label="@string/title_activity_native_express_demo"
157-->src/main/AndroidManifest.xml:133:13-71
158            android:screenOrientation="portrait"
158-->src/main/AndroidManifest.xml:134:13-49
159            android:windowSoftInputMode="stateHidden" />
159-->src/main/AndroidManifest.xml:135:13-54
160        <activity
160-->src/main/AndroidManifest.xml:136:9-140:52
161            android:name="com.qq.e.union.demo.NativeExpressRecyclerViewActivity"
161-->src/main/AndroidManifest.xml:137:13-62
162            android:configChanges="keyboard|keyboardHidden|orientation|screenSize"
162-->src/main/AndroidManifest.xml:138:13-83
163            android:label="@string/title_activity_native_express_recycler_view"
163-->src/main/AndroidManifest.xml:139:13-80
164            android:screenOrientation="portrait" />
164-->src/main/AndroidManifest.xml:140:13-49
165
166        <!-- 模板2.0 -->
167        <activity
167-->src/main/AndroidManifest.xml:143:9-163:20
168            android:name="com.qq.e.union.demo.NativeExpressAd2GuideActivity"
168-->src/main/AndroidManifest.xml:144:13-58
169            android:label="@string/title_activity_native_express_improve_ad"
169-->src/main/AndroidManifest.xml:145:13-77
170            android:screenOrientation="portrait"
170-->src/main/AndroidManifest.xml:146:13-49
171            android:windowSoftInputMode="stateHidden|stateAlwaysHidden" >
171-->src/main/AndroidManifest.xml:147:13-72
172            <meta-data
172-->src/main/AndroidManifest.xml:91:13-93:50
173                android:name="id"
173-->src/main/AndroidManifest.xml:92:17-34
174                android:value="@string/nativeExpressImprove" />
174-->src/main/AndroidManifest.xml:93:17-47
175            <meta-data
175-->src/main/AndroidManifest.xml:94:13-96:44
176                android:name="content"
176-->src/main/AndroidManifest.xml:95:17-39
177                android:value="原生广告(模板2.0)接入示例" />
177-->src/main/AndroidManifest.xml:96:17-41
178            <meta-data
178-->src/main/AndroidManifest.xml:97:13-99:58
179                android:name="action"
179-->src/main/AndroidManifest.xml:98:17-38
180                android:value="gdt.action.NATIVE_EXPRESS_2_DEMO" />
180-->src/main/AndroidManifest.xml:99:17-55
181
182            <intent-filter>
182-->src/main/AndroidManifest.xml:158:13-162:29
183                <action android:name="gdt.action.NATIVE_EXPRESS_2_DEMO" />
183-->src/main/AndroidManifest.xml:159:17-75
183-->src/main/AndroidManifest.xml:159:25-72
184
185                <category android:name="android.intent.category.DEFAULT" />
185-->src/main/AndroidManifest.xml:65:17-76
185-->src/main/AndroidManifest.xml:65:27-73
186            </intent-filter>
187        </activity>
188        <activity
188-->src/main/AndroidManifest.xml:165:9-168:82
189            android:name="com.qq.e.union.demo.NativeExpressAd2SimpleDemoActivity"
189-->src/main/AndroidManifest.xml:166:13-63
190            android:configChanges="keyboard|keyboardHidden|orientation|screenSize"
190-->src/main/AndroidManifest.xml:167:13-83
191            android:label="@string/title_activity_native_express_recycler_view" />
191-->src/main/AndroidManifest.xml:168:13-80
192        <activity
192-->src/main/AndroidManifest.xml:170:9-173:83
193            android:name="com.qq.e.union.demo.NativeExpressAd2RecyclerViewActivity"
193-->src/main/AndroidManifest.xml:171:13-65
194            android:configChanges="keyboard|keyboardHidden|orientation|screenSize"
194-->src/main/AndroidManifest.xml:172:13-83
195            android:label="@string/title_activity_native_express_recycler_view" />
195-->src/main/AndroidManifest.xml:173:13-80
196        <!-- 模板2.0 -->
197
198        <activity
198-->src/main/AndroidManifest.xml:176:9-197:20
199            android:name="com.qq.e.union.demo.NativeADUnifiedActivity"
199-->src/main/AndroidManifest.xml:177:13-52
200            android:configChanges="keyboard|keyboardHidden|orientation|screenSize"
200-->src/main/AndroidManifest.xml:178:13-83
201            android:label="@string/title_activity_native_unified_demo"
201-->src/main/AndroidManifest.xml:179:13-71
202            android:screenOrientation="portrait"
202-->src/main/AndroidManifest.xml:180:13-49
203            android:windowSoftInputMode="stateHidden" >
203-->src/main/AndroidManifest.xml:181:13-54
204            <meta-data
204-->src/main/AndroidManifest.xml:91:13-93:50
205                android:name="id"
205-->src/main/AndroidManifest.xml:92:17-34
206                android:value="@string/nativeContainer" />
206-->src/main/AndroidManifest.xml:93:17-47
207            <meta-data
207-->src/main/AndroidManifest.xml:94:13-96:44
208                android:name="content"
208-->src/main/AndroidManifest.xml:95:17-39
209                android:value="自渲染 2.0接入示例" />
209-->src/main/AndroidManifest.xml:96:17-41
210            <meta-data
210-->src/main/AndroidManifest.xml:97:13-99:58
211                android:name="action"
211-->src/main/AndroidManifest.xml:98:17-38
212                android:value="gdt.action.NATIVE_CONTAINER" />
212-->src/main/AndroidManifest.xml:99:17-55
213
214            <intent-filter>
214-->src/main/AndroidManifest.xml:192:13-196:29
215                <action android:name="gdt.action.NATIVE_CONTAINER" />
215-->src/main/AndroidManifest.xml:193:17-70
215-->src/main/AndroidManifest.xml:193:25-67
216
217                <category android:name="android.intent.category.DEFAULT" />
217-->src/main/AndroidManifest.xml:65:17-76
217-->src/main/AndroidManifest.xml:65:27-73
218            </intent-filter>
219        </activity>
220        <activity
220-->src/main/AndroidManifest.xml:198:9-201:74
221            android:name="com.qq.e.union.demo.NativeADUnifiedSampleActivity"
221-->src/main/AndroidManifest.xml:199:13-58
222            android:configChanges="keyboard|keyboardHidden|orientation|screenSize"
222-->src/main/AndroidManifest.xml:200:13-83
223            android:label="@string/title_activity_native_unified_demo" />
223-->src/main/AndroidManifest.xml:201:13-71
224        <activity
224-->src/main/AndroidManifest.xml:202:9-206:52
225            android:name="com.qq.e.union.demo.NativeADUnifiedListViewActivity"
225-->src/main/AndroidManifest.xml:203:13-60
226            android:configChanges="keyboard|keyboardHidden|orientation|screenSize"
226-->src/main/AndroidManifest.xml:204:13-83
227            android:label="@string/title_activity_native_unified_demo"
227-->src/main/AndroidManifest.xml:205:13-71
228            android:screenOrientation="portrait" />
228-->src/main/AndroidManifest.xml:206:13-49
229        <activity
229-->src/main/AndroidManifest.xml:207:9-211:52
230            android:name="com.qq.e.union.demo.NativeADUnifiedRecyclerViewActivity"
230-->src/main/AndroidManifest.xml:208:13-64
231            android:configChanges="keyboard|keyboardHidden|orientation|screenSize"
231-->src/main/AndroidManifest.xml:209:13-83
232            android:label="@string/title_activity_native_unified_demo"
232-->src/main/AndroidManifest.xml:210:13-71
233            android:screenOrientation="portrait" />
233-->src/main/AndroidManifest.xml:211:13-49
234        <activity
234-->src/main/AndroidManifest.xml:212:9-215:74
235            android:name="com.qq.e.union.demo.NativeADUnifiedPreMovieActivity"
235-->src/main/AndroidManifest.xml:213:13-60
236            android:configChanges="keyboard|keyboardHidden|orientation|screenSize"
236-->src/main/AndroidManifest.xml:214:13-83
237            android:label="@string/title_activity_native_unified_demo" />
237-->src/main/AndroidManifest.xml:215:13-71
238        <activity
238-->src/main/AndroidManifest.xml:216:9-221:62
239            android:name="com.qq.e.union.demo.NativeADUnifiedFullScreenActivity"
239-->src/main/AndroidManifest.xml:217:13-62
240            android:configChanges="keyboard|keyboardHidden|orientation|screenSize"
240-->src/main/AndroidManifest.xml:218:13-83
241            android:label="@string/title_activity_native_unified_demo"
241-->src/main/AndroidManifest.xml:219:13-71
242            android:screenOrientation="portrait"
242-->src/main/AndroidManifest.xml:220:13-49
243            android:theme="@android:style/Theme.NoTitleBar" />
243-->src/main/AndroidManifest.xml:221:13-60
244        <activity
244-->src/main/AndroidManifest.xml:222:9-227:62
245            android:name="com.qq.e.union.demo.NativeADUnifiedFullScreenFeedActivity"
245-->src/main/AndroidManifest.xml:223:13-66
246            android:configChanges="keyboard|keyboardHidden|orientation|screenSize"
246-->src/main/AndroidManifest.xml:224:13-83
247            android:label="@string/title_activity_native_unified_demo"
247-->src/main/AndroidManifest.xml:225:13-71
248            android:screenOrientation="portrait"
248-->src/main/AndroidManifest.xml:226:13-49
249            android:theme="@android:style/Theme.NoTitleBar" />
249-->src/main/AndroidManifest.xml:227:13-60
250        <activity
250-->src/main/AndroidManifest.xml:228:9-249:20
251            android:name="com.qq.e.union.demo.RewardVideoActivity"
251-->src/main/AndroidManifest.xml:229:13-48
252            android:configChanges="keyboard|keyboardHidden|orientation|screenSize"
252-->src/main/AndroidManifest.xml:230:13-83
253            android:label="@string/title_reward_video"
253-->src/main/AndroidManifest.xml:231:13-55
254            android:screenOrientation="portrait"
254-->src/main/AndroidManifest.xml:232:13-49
255            android:windowSoftInputMode="stateHidden|stateAlwaysHidden" >
255-->src/main/AndroidManifest.xml:233:13-72
256            <meta-data
256-->src/main/AndroidManifest.xml:91:13-93:50
257                android:name="id"
257-->src/main/AndroidManifest.xml:92:17-34
258                android:value="@string/rewardVideo" />
258-->src/main/AndroidManifest.xml:93:17-47
259            <meta-data
259-->src/main/AndroidManifest.xml:94:13-96:44
260                android:name="content"
260-->src/main/AndroidManifest.xml:95:17-39
261                android:value="激励视频广告接入示例" />
261-->src/main/AndroidManifest.xml:96:17-41
262            <meta-data
262-->src/main/AndroidManifest.xml:97:13-99:58
263                android:name="action"
263-->src/main/AndroidManifest.xml:98:17-38
264                android:value="gdt.action.REWARD_VIDEO_DEMO" />
264-->src/main/AndroidManifest.xml:99:17-55
265
266            <intent-filter>
266-->src/main/AndroidManifest.xml:244:13-248:29
267                <action android:name="gdt.action.REWARD_VIDEO_DEMO" />
267-->src/main/AndroidManifest.xml:245:17-71
267-->src/main/AndroidManifest.xml:245:25-68
268
269                <category android:name="android.intent.category.DEFAULT" />
269-->src/main/AndroidManifest.xml:65:17-76
269-->src/main/AndroidManifest.xml:65:27-73
270            </intent-filter>
271        </activity>
272        <activity
272-->src/main/AndroidManifest.xml:250:9-270:20
273            android:name="com.qq.e.union.demo.HybridADActivity"
273-->src/main/AndroidManifest.xml:251:13-45
274            android:configChanges="keyboard|keyboardHidden|orientation|screenSize"
274-->src/main/AndroidManifest.xml:254:13-83
275            android:label="@string/title_hybrid"
275-->src/main/AndroidManifest.xml:252:13-49
276            android:screenOrientation="portrait"
276-->src/main/AndroidManifest.xml:255:13-49
277            android:windowSoftInputMode="stateHidden|stateAlwaysHidden" >
277-->src/main/AndroidManifest.xml:253:13-72
278            <meta-data
278-->src/main/AndroidManifest.xml:91:13-93:50
279                android:name="id"
279-->src/main/AndroidManifest.xml:92:17-34
280                android:value="@string/hybrid" />
280-->src/main/AndroidManifest.xml:93:17-47
281            <meta-data
281-->src/main/AndroidManifest.xml:94:13-96:44
282                android:name="content"
282-->src/main/AndroidManifest.xml:95:17-39
283                android:value="hybrid广告接入示例" />
283-->src/main/AndroidManifest.xml:96:17-41
284            <meta-data
284-->src/main/AndroidManifest.xml:97:13-99:58
285                android:name="action"
285-->src/main/AndroidManifest.xml:98:17-38
286                android:value="gdt.action.HYBRID_DEMO" />
286-->src/main/AndroidManifest.xml:99:17-55
287
288            <intent-filter>
288-->src/main/AndroidManifest.xml:266:13-269:29
289                <action android:name="gdt.action.HYBRID_DEMO" />
289-->src/main/AndroidManifest.xml:267:17-65
289-->src/main/AndroidManifest.xml:267:25-62
290
291                <category android:name="android.intent.category.DEFAULT" />
291-->src/main/AndroidManifest.xml:65:17-76
291-->src/main/AndroidManifest.xml:65:27-73
292            </intent-filter>
293        </activity>
294        <activity
294-->src/main/AndroidManifest.xml:271:9-290:20
295            android:name="com.qq.e.union.demo.UnifiedBannerActivity"
295-->src/main/AndroidManifest.xml:272:13-50
296            android:configChanges="keyboard|keyboardHidden|orientation|screenSize"
296-->src/main/AndroidManifest.xml:273:13-83
297            android:label="@string/title_activity_unified_banner"
297-->src/main/AndroidManifest.xml:274:13-66
298            android:windowSoftInputMode="stateHidden|stateAlwaysHidden" >
298-->src/main/AndroidManifest.xml:275:13-72
299            <meta-data
299-->src/main/AndroidManifest.xml:91:13-93:50
300                android:name="id"
300-->src/main/AndroidManifest.xml:92:17-34
301                android:value="@string/unified_banner" />
301-->src/main/AndroidManifest.xml:93:17-47
302            <meta-data
302-->src/main/AndroidManifest.xml:94:13-96:44
303                android:name="content"
303-->src/main/AndroidManifest.xml:95:17-39
304                android:value="Banner2.0广告接入示例" />
304-->src/main/AndroidManifest.xml:96:17-41
305            <meta-data
305-->src/main/AndroidManifest.xml:97:13-99:58
306                android:name="action"
306-->src/main/AndroidManifest.xml:98:17-38
307                android:value="gdt.action.UNIFIED_BANNER_DEMO" />
307-->src/main/AndroidManifest.xml:99:17-55
308
309            <intent-filter>
309-->src/main/AndroidManifest.xml:286:13-289:29
310                <action android:name="gdt.action.UNIFIED_BANNER_DEMO" />
310-->src/main/AndroidManifest.xml:287:17-73
310-->src/main/AndroidManifest.xml:287:25-70
311
312                <category android:name="android.intent.category.DEFAULT" />
312-->src/main/AndroidManifest.xml:65:17-76
312-->src/main/AndroidManifest.xml:65:27-73
313            </intent-filter>
314        </activity>
315        <activity
315-->src/main/AndroidManifest.xml:291:9-310:20
316            android:name="com.qq.e.union.demo.UnifiedInterstitialADActivity"
316-->src/main/AndroidManifest.xml:292:13-58
317            android:configChanges="keyboard|keyboardHidden|orientation|screenSize"
317-->src/main/AndroidManifest.xml:293:13-83
318            android:label="@string/title_activity_unified_interstitial_ad"
318-->src/main/AndroidManifest.xml:294:13-75
319            android:windowSoftInputMode="stateHidden|stateAlwaysHidden" >
319-->src/main/AndroidManifest.xml:295:13-72
320            <meta-data
320-->src/main/AndroidManifest.xml:91:13-93:50
321                android:name="id"
321-->src/main/AndroidManifest.xml:92:17-34
322                android:value="@string/unified_interstitial" />
322-->src/main/AndroidManifest.xml:93:17-47
323            <meta-data
323-->src/main/AndroidManifest.xml:94:13-96:44
324                android:name="content"
324-->src/main/AndroidManifest.xml:95:17-39
325                android:value="插屏2.0广告接入示例" />
325-->src/main/AndroidManifest.xml:96:17-41
326            <meta-data
326-->src/main/AndroidManifest.xml:97:13-99:58
327                android:name="action"
327-->src/main/AndroidManifest.xml:98:17-38
328                android:value="gdt.action.UNIFIED_INTERSTITIAL_DEMO" />
328-->src/main/AndroidManifest.xml:99:17-55
329
330            <intent-filter>
330-->src/main/AndroidManifest.xml:306:13-309:29
331                <action android:name="gdt.action.UNIFIED_INTERSTITIAL_DEMO" />
331-->src/main/AndroidManifest.xml:307:17-79
331-->src/main/AndroidManifest.xml:307:25-76
332
333                <category android:name="android.intent.category.DEFAULT" />
333-->src/main/AndroidManifest.xml:65:17-76
333-->src/main/AndroidManifest.xml:65:27-73
334            </intent-filter>
335        </activity>
336        <activity
336-->src/main/AndroidManifest.xml:311:9-330:20
337            android:name="com.qq.e.union.demo.UnifiedInterstitialFullScreenADActivity"
337-->src/main/AndroidManifest.xml:312:13-68